<?xml version="1.0" encoding="UTF-8"?>
<!-- Generated by org.testng.reporters.JUnitXMLReporter -->
<testsuite hostname="DESKTOP-5VVJH30" ignored="0" name="Default test" tests="3" failures="0" timestamp="2020-01-20T18:51:24 EST" time="0.064" errors="0">
  <testcase name="test1" time="0.015" classname="com.class4.ListenersDemo"/>
  <testcase name="test2" time="0.002" classname="com.class4.ListenersDemo"/>
  <testcase name="test3" time="0.002" classname="com.class4.ListenersDemo"/>
</testsuite> <!-- Default test -->
